This is pdfTeX, Version 3.14159265-2.6-1.40.16 (MiKTeX 2.9) (preloaded format=pdflatex 2016.4.18)  9 MAY 2016 19:52
entering extended mode
**C:/Users/Drew/Documents/NetBeansProjects/LatexTemplate1/TexTemplate.tex
(C:/Users/Drew/Documents/NetBeansProjects/LatexTemplate1/TexTemplate.tex
LaTeX2e <2015/10/01> patch level 2
Babel <3.9n> and hyphenation patterns for 69 languages loaded.

! LaTeX Error: Missing \begin{document}.

See the LaTeX manual or LaTeX Companion for explanation.
Type  H <return>  for immediate help.
 ...                                              
                                                  
l.1 W
     elcome to the LaTeX editor.
? 
! Emergency stop.
 ...                                              
                                                  
l.1 W
     elcome to the LaTeX editor.
You're in trouble here.  Try typing  <return>  to proceed.
If that doesn't work, type  X <return>  to quit.

 
Here is how much of TeX's memory you used:
 8 strings out of 493634
 408 string characters out of 3141317
 52604 words of memory out of 3000000
 3491 multiletter control sequences out of 15000+200000
 3640 words of font info for 14 fonts, out of 3000000 for 9000
 1025 hyphenation exceptions out of 8191
 5i,0n,4p,104b,14s stack positions out of 5000i,500n,10000p,200000b,50000s
!  ==> Fatal error occurred, no output PDF file produced!
